<?xml version="1.0" encoding="UTF-8"?>
<!-- Generated by org.testng.reporters.JUnitXMLReporter -->
<testsuite ignored="0" hostname="DESKTOP-5R407E3" failures="0" tests="4" name="Default test" time="0.075" errors="0" timestamp="05 Oct 2023 06:26:01 GMT">
  <testcase classname="project.One.TestNG" name="case1" time="0.013"/>
  <testcase classname="project.One.TestNG" name="case2" time="0.008"/>
  <testcase classname="project.One.TestNG" name="case3" time="0.005"/>
  <testcase classname="project.One.TestNG" name="case4" time="0.003"/>
</testsuite> <!-- Default test -->
